<?xml version="1.0" encoding="UTF-8"?>
<!-- Generated by org.testng.reporters.JUnitReportReporter -->
<testsuite hostname="DESKTOP-4DIFK22" name="org.tcs.DependsOnGroups" tests="3" failures="0" timestamp="3 Dec 2022 07:56:45 GMT" time="0.023" errors="0">
  <testcase name="tc_3" time="0.020" classname="org.tcs.DependsOnGroups"/>
  <testcase name="tc_2" time="0.002" classname="org.tcs.DependsOnGroups"/>
  <testcase name="tc_1" time="0.001" classname="org.tcs.DependsOnGroups"/>
</testsuite> <!-- org.tcs.DependsOnGroups -->
