<?xml version="1.0" encoding="UTF-8"?>
<!-- Generated by org.testng.reporters.JUnitReportReporter -->
<testsuite hostname="DESKTOP-4DIFK22" failures="0" tests="7" name="org.tcs.Group1" time="0.042" errors="0" timestamp="2023-01-22T15:55:57 IST" skipped="0">
  <testcase classname="org.tcs.Group1" name="tc_2" time="0.003"/>
  <system-out/>
  <testcase classname="org.tcs.Group1" name="tc_1" time="0.019"/>
  <system-out/>
  <testcase classname="org.tcs.Group1" name="tc_5" time="0.004"/>
  <system-out/>
  <testcase classname="org.tcs.Group1" name="tc_9" time="0.004"/>
  <system-out/>
  <testcase classname="org.tcs.Group1" name="tc_6" time="0.002"/>
  <system-out/>
  <testcase classname="org.tcs.Group1" name="tc_7" time="0.008"/>
  <system-out/>
  <testcase classname="org.tcs.Group1" name="tc_4" time="0.002"/>
  <system-out/>
</testsuite> <!-- org.tcs.Group1 -->
