<?xml version="1.0" encoding="UTF-8"?>
<!-- Generated by org.testng.reporters.JUnitReportReporter -->
<testsuite hostname="DESKTOP-4DIFK22" name="org.tcs.Group2" tests="2" failures="0" timestamp="3 Dec 2022 06:32:12 GMT" time="0.006" errors="0">
  <testcase name="tc_6" time="0.004" classname="org.tcs.Group2"/>
  <testcase name="tc_9" time="0.002" classname="org.tcs.Group2"/>
</testsuite> <!-- org.tcs.Group2 -->
