<?xml version="1.0" encoding="UTF-8"?>
<!-- Generated by org.testng.reporters.JUnitReportReporter -->
<testsuite hostname="DESKTOP-4DIFK22" name="org.tcs.TestNGAnnotation" tests="2" failures="0" timestamp="24 Dec 2022 16:52:33 GMT" time="0.015" errors="0">
  <testcase name="tc_9" time="0.008" classname="org.tcs.TestNGAnnotation"/>
  <testcase name="tc_91" time="0.007" classname="org.tcs.TestNGAnnotation"/>
</testsuite> <!-- org.tcs.TestNGAnnotation -->
