<?xml version="1.0" encoding="UTF-8"?>
<!-- Generated by org.testng.reporters.JUnitReportReporter -->
<testsuite hostname="DESKTOP-4DIFK22" name="org.tcs.ParellelProg" tests="3" failures="0" timestamp="1 Dec 2022 15:59:07 GMT" time="12.476" errors="0">
  <testcase name="tc_2" time="2.701" classname="org.tcs.ParellelProg"/>
  <testcase name="tc_3" time="2.902" classname="org.tcs.ParellelProg"/>
  <testcase name="tc_1" time="6.873" classname="org.tcs.ParellelProg"/>
</testsuite> <!-- org.tcs.ParellelProg -->
