<?xml version="1.0" encoding="UTF-8"?>
<!-- Generated by org.testng.reporters.JUnitReportReporter -->
<testsuite hostname="DESKTOP-4DIFK22" name="org.tcs.DependsOnMethods" tests="3" failures="0" timestamp="3 Dec 2022 07:45:49 GMT" time="0.015" errors="0">
  <testcase name="tc_2" time="0.014" classname="org.tcs.DependsOnMethods"/>
  <testcase name="tc_1" time="0.000" classname="org.tcs.DependsOnMethods"/>
  <testcase name="tc_3" time="0.001" classname="org.tcs.DependsOnMethods"/>
</testsuite> <!-- org.tcs.DependsOnMethods -->
