<?xml version="1.0" encoding="UTF-8"?>
<!-- Generated by org.testng.reporters.JUnitReportReporter -->
<testsuite hostname="DESKTOP-4DIFK22" failures="0" tests="10" name="org.tcs.Priority" time="0.069" errors="0" timestamp="2023-01-22T15:54:38 IST" skipped="0">
  <testcase classname="org.tcs.Priority" name="tc_2" time="0.024"/>
  <system-out/>
  <testcase classname="org.tcs.Priority" name="tc_3" time="0.003"/>
  <system-out/>
  <testcase classname="org.tcs.Priority" name="tc_5" time="0.003"/>
  <system-out/>
  <testcase classname="org.tcs.Priority" name="tc_5" time="0.007"/>
  <system-out/>
  <testcase classname="org.tcs.Priority" name="tc_5" time="0.002"/>
  <system-out/>
  <testcase classname="org.tcs.Priority" name="tc_4" time="0.004"/>
  <system-out/>
  <testcase classname="org.tcs.Priority" name="tc_4" time="0.012"/>
  <system-out/>
  <testcase classname="org.tcs.Priority" name="tc_4" time="0.003"/>
  <system-out/>
  <testcase classname="org.tcs.Priority" name="tc_1" time="0.006"/>
  <system-out/>
  <testcase classname="org.tcs.Priority" name="tc_6" time="0.005"/>
  <system-out/>
</testsuite> <!-- org.tcs.Priority -->
